<?xml version="1.0" encoding="UTF-8"?>
<!-- Generated by org.testng.reporters.JUnitReportReporter -->
<testsuite hostname="DESKTOP-PT2MTDQ" name="com.automate.withMe.Testing_Google2" tests="2" failures="0" timestamp="11 Jul 2020 12:57:34 GMT" time="5.864" errors="0">
  <testcase name="f" time="2.811" classname="com.automate.withMe.Testing_Google2"/>
  <testcase name="f" time="3.053" classname="com.automate.withMe.Testing_Google2"/>
</testsuite> <!-- com.automate.withMe.Testing_Google2 -->
