<?xml version="1.0" encoding="UTF-8"?>
<!-- Generated by org.testng.reporters.JUnitReportReporter -->
<testsuite hostname="DESKTOP-PT2MTDQ" name="com.automate.withMe.GoogleTest" tests="1" failures="0" timestamp="11 Jul 2020 11:29:51 GMT" time="19.745" errors="0">
  <testcase name="f" time="19.745" classname="com.automate.withMe.GoogleTest"/>
</testsuite> <!-- com.automate.withMe.GoogleTest -->
