<?xml version="1.0" encoding="UTF-8"?>
<!-- Generated by org.testng.reporters.JUnitReportReporter -->
<testsuite hostname="DESKTOP-GTA4HK7" failures="0" tests="1" name="com.automate.withMe.Test1" time="10.981" errors="0" timestamp="06 jul. 2023 01:23:10 GMT" skipped="0">
  <testcase classname="com.automate.withMe.Test1" name="f" time="10.981"/>
</testsuite> <!-- com.automate.withMe.Test1 -->
