<?xml version="1.0" encoding="UTF-8"?>
<!-- Generated by org.testng.reporters.JUnitReportReporter -->
<testsuite hostname="DESKTOP-GTA4HK7" failures="0" tests="1" name="com.automate.withMe.Test_google" time="0.845" errors="0" timestamp="06 jul. 2023 02:53:22 GMT" skipped="0">
  <testcase classname="com.automate.withMe.Test_google" name="f" time="0.845"/>
</testsuite> <!-- com.automate.withMe.Test_google -->
