<?xml version="1.0" encoding="UTF-8"?>
<!-- Generated by org.testng.reporters.JUnitReportReporter -->
<testsuite hostname="DESKTOP-PT2MTDQ" name="com.automate.withMe.Test_google" tests="2" failures="0" timestamp="12 Jul 2020 07:49:45 GMT" time="5.519" errors="0">
  <testcase name="f" time="2.467" classname="com.automate.withMe.Test_google"/>
  <testcase name="f" time="3.052" classname="com.automate.withMe.Test_google"/>
</testsuite> <!-- com.automate.withMe.Test_google -->
