<?xml version="1.0" encoding="UTF-8"?>
<!-- Generated by org.testng.reporters.JUnitReportReporter -->
<testsuite hostname="DESKTOP-PT2MTDQ" name="com.automate.withMe.Test1" tests="1" failures="0" timestamp="11 Jul 2020 11:29:51 GMT" time="15.141" errors="0">
  <testcase name="f" time="15.141" classname="com.automate.withMe.Test1"/>
</testsuite> <!-- com.automate.withMe.Test1 -->
