<?xml version="1.0" encoding="UTF-8"?>
<!-- Generated by org.testng.reporters.JUnitReportReporter -->
<testsuite hostname="DESKTOP-PT2MTDQ" name="com.automate.withMe.Test_google" tests="1" failures="0" timestamp="20 Sep 2020 07:16:26 GMT" time="2.476" errors="0">
  <testcase name="f" time="2.476" classname="com.automate.withMe.Test_google"/>
</testsuite> <!-- com.automate.withMe.Test_google -->
