<?xml version="1.0" encoding="UTF-8"?>
<!-- Generated by org.testng.reporters.JUnitReportReporter -->
<testsuite hostname="DESKTOP-PT2MTDQ" name="com.automate.withMe.Test_google" tests="3" failures="0" timestamp="20 Sep 2020 06:57:54 GMT" time="10.570" errors="0">
  <testcase name="f" time="2.908" classname="com.automate.withMe.Test_google"/>
  <testcase name="f" time="4.260" classname="com.automate.withMe.Test_google"/>
  <testcase name="f" time="3.402" classname="com.automate.withMe.Test_google"/>
</testsuite> <!-- com.automate.withMe.Test_google -->
