<?xml version="1.0" encoding="UTF-8"?>
<!-- Generated by org.testng.reporters.JUnitReportReporter -->
<testsuite skipped="0" hostname="DESKTOP-PT2MTDQ" name="com.automate.withMe.GoogleTest" tests="1" failures="0" timestamp="11 Jul 2020 08:19:39 GMT" time="0.001" errors="0">
  <testcase name="f" time="0.001" classname="com.automate.withMe.GoogleTest"/>
</testsuite> <!-- com.automate.withMe.GoogleTest -->
